{"level":"info","message":"App listening http://localhost:5000","service":"api-gateway","timestamp":"2025-06-04T13:50:50.604Z"}
{"level":"info","message":"App listening http://localhost:5000","service":"api-gateway","timestamp":"2025-06-04T13:56:28.598Z"}
{"level":"info","message":"Connected to Redis","service":"api-gateway","timestamp":"2025-06-04T13:56:28.620Z"}
{"level":"info","message":"Received GET request to /proxy","service":"api-gateway","timestamp":"2025-06-04T14:02:27.076Z"}
{"level":"info","message":"Request body, [object Object]","service":"api-gateway","timestamp":"2025-06-04T14:02:27.077Z"}
{"level":"info","message":"App listening http://localhost:5000","service":"api-gateway","timestamp":"2025-06-04T14:03:05.345Z"}
{"level":"info","message":"Connected to Redis","service":"api-gateway","timestamp":"2025-06-04T14:03:05.379Z"}
{"level":"info","message":"Received POST request to /api/auth/register","service":"api-gateway","timestamp":"2025-06-04T14:03:27.504Z"}
{"level":"info","message":"Request body, [object Object]","service":"api-gateway","timestamp":"2025-06-04T14:03:27.505Z"}
{"level":"info","message":"App listening http://localhost:5000","service":"api-gateway","timestamp":"2025-06-04T14:03:54.485Z"}
{"level":"info","message":"Connected to Redis","service":"api-gateway","timestamp":"2025-06-04T14:03:54.506Z"}
{"level":"info","message":"Received POST request to /api/auth/register","service":"api-gateway","timestamp":"2025-06-04T14:03:56.227Z"}
{"level":"info","message":"Request body, [object Object]","service":"api-gateway","timestamp":"2025-06-04T14:03:56.228Z"}
{"level":"info","message":"Received POST request to /api/auth/register","service":"api-gateway","timestamp":"2025-06-04T14:05:23.434Z"}
{"level":"info","message":"Request body, [object Object]","service":"api-gateway","timestamp":"2025-06-04T14:05:23.436Z"}
{"level":"info","message":"App listening http://localhost:5000","service":"api-gateway","timestamp":"2025-06-05T06:06:53.838Z"}
{"level":"info","message":"App listening http://localhost:5000","service":"api-gateway","timestamp":"2025-06-05T06:08:19.993Z"}
{"level":"info","message":"Connected to Redis","service":"api-gateway","timestamp":"2025-06-05T06:08:20.049Z"}
{"level":"info","message":"Received POST request to /api/auth/register","service":"api-gateway","timestamp":"2025-06-05T06:09:19.896Z"}
{"level":"info","message":"Request body, [object Object]","service":"api-gateway","timestamp":"2025-06-05T06:09:19.897Z"}
{"level":"info","message":"App listening http://localhost:5000","service":"api-gateway","timestamp":"2025-06-05T06:16:14.565Z"}
{"level":"info","message":"Connected to Redis","service":"api-gateway","timestamp":"2025-06-05T06:16:14.638Z"}
{"level":"info","message":"App listening http://localhost:5000","service":"api-gateway","timestamp":"2025-06-05T06:17:00.038Z"}
{"level":"info","message":"Connected to Redis","service":"api-gateway","timestamp":"2025-06-05T06:17:00.100Z"}
{"level":"info","message":"App listening http://localhost:5000","service":"api-gateway","timestamp":"2025-06-05T06:17:30.860Z"}
{"level":"info","message":"Connected to Redis","service":"api-gateway","timestamp":"2025-06-05T06:17:30.885Z"}
{"level":"info","message":"App listening http://localhost:5000","service":"api-gateway","timestamp":"2025-06-05T06:17:42.125Z"}
{"level":"info","message":"Connected to Redis","service":"api-gateway","timestamp":"2025-06-05T06:17:42.178Z"}
{"level":"info","message":"App listening http://localhost:5000","service":"api-gateway","timestamp":"2025-06-05T06:17:50.832Z"}
{"level":"info","message":"Connected to Redis","service":"api-gateway","timestamp":"2025-06-05T06:17:50.863Z"}
{"level":"info","message":"App listening http://localhost:5000","service":"api-gateway","timestamp":"2025-06-05T06:17:57.351Z"}
{"level":"info","message":"Connected to Redis","service":"api-gateway","timestamp":"2025-06-05T06:17:57.439Z"}
{"level":"info","message":"Received POST request to /api/auth/register","service":"api-gateway","timestamp":"2025-06-05T06:18:02.859Z"}
{"level":"info","message":"Request body, [object Object]","service":"api-gateway","timestamp":"2025-06-05T06:18:02.861Z"}
{"level":"info","message":"Received POST request to /api/auth/register","service":"api-gateway","timestamp":"2025-06-05T06:18:17.583Z"}
{"level":"info","message":"Request body, [object Object]","service":"api-gateway","timestamp":"2025-06-05T06:18:17.584Z"}
{"level":"info","message":"App listening http://localhost:5000","service":"api-gateway","timestamp":"2025-06-05T06:18:34.386Z"}
{"level":"info","message":"Connected to Redis","service":"api-gateway","timestamp":"2025-06-05T06:18:34.410Z"}
{"level":"info","message":"Received POST request to /v1/auth/register","service":"api-gateway","timestamp":"2025-06-05T06:18:38.289Z"}
{"level":"info","message":"Request body, [object Object]","service":"api-gateway","timestamp":"2025-06-05T06:18:38.290Z"}
{"level":"info","message":"Response from Identity Service:","service":"api-gateway","timestamp":"2025-06-05T06:18:38.502Z"}
{"level":"info","message":"Received POST request to /v1/auth/register","service":"api-gateway","timestamp":"2025-06-05T06:18:46.086Z"}
{"level":"info","message":"Request body, [object Object]","service":"api-gateway","timestamp":"2025-06-05T06:18:46.087Z"}
{"level":"info","message":"Response from Identity Service:","service":"api-gateway","timestamp":"2025-06-05T06:18:46.162Z"}
{"level":"info","message":"Received POST request to /v1/auth/register","service":"api-gateway","timestamp":"2025-06-05T06:18:52.486Z"}
{"level":"info","message":"Request body, [object Object]","service":"api-gateway","timestamp":"2025-06-05T06:18:52.487Z"}
{"level":"info","message":"Response from Identity Service:","service":"api-gateway","timestamp":"2025-06-05T06:18:52.735Z"}
